# JRE version: OpenJDK Runtime Environment (8.0_212-b04) (build 1.8.0_212-release-1586-b04)
# Java VM: OpenJDK 64-Bit Server VM (25.212-b04 mixed mode windows-amd64 compressed oops)
Heap:
 PSYoungGen      total 415744K, used 327914K [0x00000000e0000000, 0x00000000ffa00000, 0x0000000100000000)
  eden space 320512K, 100% used [0x00000000e0000000,0x00000000f3900000,0x00000000f3900000)
  from space 95232K, 7% used [0x00000000f9580000,0x00000000f9cba9d0,0x00000000ff280000)
  to   space 94720K, 56% used [0x00000000f3900000,0x00000000f6d9f308,0x00000000f9580000)
 ParOldGen       total 548864K, used 496062K [0x00000000a0000000, 0x00000000c1800000, 0x00000000e0000000)
  object space 548864K, 90% used [0x00000000a0000000,0x00000000be46fb10,0x00000000c1800000)
 Metaspace       used 223895K, capacity 238384K, committed 245144K, reserved 1259520K
  class space    used 28183K, capacity 30627K, committed 36008K, reserved 1048576K
GC Heap History (10 events):
Event: 13342.718 GC heap after
Heap after GC invocations=197 (full 9):
 PSYoungGen      total 418304K, used 18075K [0x00000000e0000000, 0x0000000100000000, 0x0000000100000000)
  eden space 310784K, 0% used [0x00000000e0000000,0x00000000e0000000,0x00000000f2f80000)
  from space 107520K, 16% used [0x00000000f9700000,0x00000000fa8a6d28,0x0000000100000000)
  to   space 105984K, 0% used [0x00000000f2f80000,0x00000000f2f80000,0x00000000f9700000)
 ParOldGen       total 548864K, used 472780K [0x00000000a0000000, 0x00000000c1800000, 0x00000000e0000000)
  object space 548864K, 86% used [0x00000000a0000000,0x00000000bcdb33b0,0x00000000c1800000)
 Metaspace       used 222605K, capacity 236272K, committed 244632K, reserved 1257472K
  class space    used 28018K, capacity 30333K, committed 36008K, reserved 1048576K
}
Event: 14360.078 GC heap before
{Heap before GC invocations=198 (full 9):
 PSYoungGen      total 418304K, used 328859K [0x00000000e0000000, 0x0000000100000000, 0x0000000100000000)
  eden space 310784K, 100% used [0x00000000e0000000,0x00000000f2f80000,0x00000000f2f80000)
  from space 107520K, 16% used [0x00000000f9700000,0x00000000fa8a6d28,0x0000000100000000)
  to   space 105984K, 0% used [0x00000000f2f80000,0x00000000f2f80000,0x00000000f9700000)
 ParOldGen       total 548864K, used 472780K [0x00000000a0000000, 0x00000000c1800000, 0x00000000e0000000)
  object space 548864K, 86% used [0x00000000a0000000,0x00000000bcdb33b0,0x00000000c1800000)
 Metaspace       used 222714K, capacity 236444K, committed 244632K, reserved 1257472K
  class space    used 28028K, capacity 30351K, committed 36008K, reserved 1048576K
Event: 14360.110 GC heap after
Heap after GC invocations=198 (full 9):
 PSYoungGen      total 328704K, used 17409K [0x00000000e0000000, 0x00000000ffa80000, 0x0000000100000000)
  eden space 310784K, 0% used [0x00000000e0000000,0x00000000e0000000,0x00000000f2f80000)
  from space 17920K, 97% used [0x00000000f2f80000,0x00000000f40805a8,0x00000000f4100000)
  to   space 103936K, 0% used [0x00000000f9500000,0x00000000f9500000,0x00000000ffa80000)
 ParOldGen       total 548864K, used 474453K [0x00000000a0000000, 0x00000000c1800000, 0x00000000e0000000)
  object space 548864K, 86% used [0x00000000a0000000,0x00000000bcf55650,0x00000000c1800000)
 Metaspace       used 222714K, capacity 236444K, committed 244632K, reserved 1257472K
  class space    used 28028K, capacity 30351K, committed 36008K, reserved 1048576K
}
Event: 14362.487 GC heap before
{Heap before GC invocations=199 (full 9):
 PSYoungGen      total 328704K, used 328193K [0x00000000e0000000, 0x00000000ffa80000, 0x0000000100000000)
  eden space 310784K, 100% used [0x00000000e0000000,0x00000000f2f80000,0x00000000f2f80000)
  from space 17920K, 97% used [0x00000000f2f80000,0x00000000f40805a8,0x00000000f4100000)
  to   space 103936K, 0% used [0x00000000f9500000,0x00000000f9500000,0x00000000ffa80000)
 ParOldGen       total 548864K, used 474453K [0x00000000a0000000, 0x00000000c1800000, 0x00000000e0000000)
  object space 548864K, 86% used [0x00000000a0000000,0x00000000bcf55650,0x00000000c1800000)
 Metaspace       used 223037K, capacity 236846K, committed 244888K, reserved 1257472K
  class space    used 28057K, capacity 30402K, committed 36008K, reserved 1048576K
Event: 14362.530 GC heap after
Heap after GC invocations=199 (full 9):
 PSYoungGen      total 418304K, used 22185K [0x00000000e0000000, 0x0000000100000000, 0x0000000100000000)
  eden space 314368K, 0% used [0x00000000e0000000,0x00000000e0000000,0x00000000f3300000)
  from space 103936K, 21% used [0x00000000f9500000,0x00000000faaaa608,0x00000000ffa80000)
  to   space 100352K, 0% used [0x00000000f3300000,0x00000000f3300000,0x00000000f9500000)
 ParOldGen       total 548864K, used 482124K [0x00000000a0000000, 0x00000000c1800000, 0x00000000e0000000)
  object space 548864K, 87% used [0x00000000a0000000,0x00000000bd6d3080,0x00000000c1800000)
 Metaspace       used 223037K, capacity 236846K, committed 244888K, reserved 1257472K
  class space    used 28057K, capacity 30402K, committed 36008K, reserved 1048576K
}
Event: 14363.747 GC heap before
{Heap before GC invocations=200 (full 9):
 PSYoungGen      total 418304K, used 336553K [0x00000000e0000000, 0x0000000100000000, 0x0000000100000000)
  eden space 314368K, 100% used [0x00000000e0000000,0x00000000f3300000,0x00000000f3300000)
  from space 103936K, 21% used [0x00000000f9500000,0x00000000faaaa608,0x00000000ffa80000)
  to   space 100352K, 0% used [0x00000000f3300000,0x00000000f3300000,0x00000000f9500000)
 ParOldGen       total 548864K, used 482124K [0x00000000a0000000, 0x00000000c1800000, 0x00000000e0000000)
  object space 548864K, 87% used [0x00000000a0000000,0x00000000bd6d3080,0x00000000c1800000)
 Metaspace       used 223254K, capacity 237070K, committed 245144K, reserved 1259520K
  class space    used 28065K, capacity 30408K, committed 36008K, reserved 1048576K
Event: 14363.804 GC heap after
Heap after GC invocations=200 (full 9):
 PSYoungGen      total 414720K, used 39994K [0x00000000e0000000, 0x00000000ff280000, 0x0000000100000000)
  eden space 314368K, 0% used [0x00000000e0000000,0x00000000e0000000,0x00000000f3300000)
  from space 100352K, 39% used [0x00000000f3300000,0x00000000f5a0e970,0x00000000f9500000)
  to   space 95232K, 0% used [0x00000000f9580000,0x00000000f9580000,0x00000000ff280000)
 ParOldGen       total 548864K, used 488575K [0x00000000a0000000, 0x00000000c1800000, 0x00000000e0000000)
  object space 548864K, 89% used [0x00000000a0000000,0x00000000bdd1fe00,0x00000000c1800000)
 Metaspace       used 223254K, capacity 237070K, committed 245144K, reserved 1259520K
  class space    used 28065K, capacity 30408K, committed 36008K, reserved 1048576K
}
Event: 14868.529 GC heap before
{Heap before GC invocations=201 (full 9):
 PSYoungGen      total 414720K, used 354362K [0x00000000e0000000, 0x00000000ff280000, 0x0000000100000000)
  eden space 314368K, 100% used [0x00000000e0000000,0x00000000f3300000,0x00000000f3300000)
  from space 100352K, 39% used [0x00000000f3300000,0x00000000f5a0e970,0x00000000f9500000)
  to   space 95232K, 0% used [0x00000000f9580000,0x00000000f9580000,0x00000000ff280000)
 ParOldGen       total 548864K, used 488575K [0x00000000a0000000, 0x00000000c1800000, 0x00000000e0000000)
  object space 548864K, 89% used [0x00000000a0000000,0x00000000bdd1fe00,0x00000000c1800000)
 Metaspace       used 223780K, capacity 238102K, committed 245144K, reserved 1259520K
  class space    used 28157K, capacity 30580K, committed 36008K, reserved 1048576K
Event: 14868.542 GC heap after
Heap after GC invocations=201 (full 9):
 PSYoungGen      total 415744K, used 7402K [0x00000000e0000000, 0x00000000ffa00000, 0x0000000100000000)
  eden space 320512K, 0% used [0x00000000e0000000,0x00000000e0000000,0x00000000f3900000)
  from space 95232K, 7% used [0x00000000f9580000,0x00000000f9cba9d0,0x00000000ff280000)
  to   space 94720K, 0% used [0x00000000f3900000,0x00000000f3900000,0x00000000f9580000)
 ParOldGen       total 548864K, used 489091K [0x00000000a0000000, 0x00000000c1800000, 0x00000000e0000000)
  object space 548864K, 89% used [0x00000000a0000000,0x00000000bdda0d40,0x00000000c1800000)
 Metaspace       used 223780K, capacity 238102K, committed 245144K, reserved 1259520K
  class space    used 28157K, capacity 30580K, committed 36008K, reserved 1048576K
}
Event: 14869.943 GC heap before
{Heap before GC invocations=202 (full 9):
 PSYoungGen      total 415744K, used 327914K [0x00000000e0000000, 0x00000000ffa00000, 0x0000000100000000)
  eden space 320512K, 100% used [0x00000000e0000000,0x00000000f3900000,0x00000000f3900000)
  from space 95232K, 7% used [0x00000000f9580000,0x00000000f9cba9d0,0x00000000ff280000)
  to   space 94720K, 0% used [0x00000000f3900000,0x00000000f3900000,0x00000000f9580000)
 ParOldGen       total 548864K, used 489091K [0x00000000a0000000, 0x00000000c1800000, 0x00000000e0000000)
  object space 548864K, 89% used [0x00000000a0000000,0x00000000bdda0d40,0x00000000c1800000)
 Metaspace       used 223895K, capacity 238384K, committed 245144K, reserved 1259520K
  class space    used 28183K, capacity 30627K, committed 36008K, reserved 1048576K

